<?xml version="1.0" encoding="UTF-8"?>
<!-- Generated by org.testng.reporters.JUnitReportReporter -->
<testsuite hostname="DESKTOP-O22GI60" failures="0" tests="1" name="runner.TestRunner" time="23.083" errors="0" timestamp="2022-08-24T06:06:09 EET" skipped="0">
  <testcase classname="runner.TestRunner" name="runScenario" time="23.083"/>
  <system-out/>
</testsuite> <!-- runner.TestRunner -->
